2024-07-25 08:10:01 [INFO] NotificationAPI: Email notification sent successfully - NOT_001
2024-07-25 08:10:05 [INFO] NotificationAPI: SMS delivery completed successfully - NOT_002
2024-07-25 08:10:10 [ERROR] NotificationAPI: Email delivery failed - invalid address - NOT_003
2024-07-25 08:10:15 [INFO] NotificationAPI: Push notification delivered successfully - NOT_004
2024-07-25 08:10:20 [WARN] NotificationAPI: High email bounce rate detected - NOT_005
2024-07-25 08:10:25 [INFO] NotificationAPI: Newsletter campaign completed successfully - NOT_006
2024-07-25 08:10:30 [ERROR] NotificationAPI: SMS gateway connection failed - NOT_007
2024-07-25 08:10:35 [INFO] NotificationAPI: In-app notification processed successfully - NOT_008
2024-07-25 08:10:40 [INFO] NotificationAPI: Notification template updated successfully - NOT_009
2024-07-25 08:10:45 [ERROR] NotificationAPI: Push notification service timeout - NOT_010
2024-07-25 08:10:50 [INFO] NotificationAPI: Email preference updated successfully - NOT_011
2024-07-25 08:10:55 [WARN] NotificationAPI: Rate limit approaching for sender - NOT_012
2024-07-25 09:10:01 [INFO] NotificationAPI: Bulk email processing completed - NOT_013
2024-07-25 09:10:05 [ERROR] NotificationAPI: Template rendering failed - NOT_014
2024-07-25 09:10:10 [INFO] NotificationAPI: Notification queue processed successfully - NOT_015
2024-07-25 09:10:15 [INFO] NotificationAPI: SMS verification code sent successfully - NOT_016
2024-07-25 09:10:20 [WARN] NotificationAPI: Slow email service response - NOT_017
2024-07-25 09:10:25 [INFO] NotificationAPI: Notification analytics updated successfully - NOT_018
2024-07-25 09:10:30 [ERROR] NotificationAPI: Email server authentication failed - NOT_019
2024-07-25 09:10:35 [INFO] NotificationAPI: Mobile push token registered successfully - NOT_020
2024-07-25 09:10:40 [INFO] NotificationAPI: Notification scheduling completed - NOT_021
2024-07-25 09:10:45 [ERROR] NotificationAPI: Message content validation failed - NOT_022
2024-07-25 09:10:50 [INFO] NotificationAPI: Unsubscribe request processed successfully - NOT_023
2024-07-25 09:10:55 [WARN] NotificationAPI: Duplicate notification detected - NOT_024
2024-07-25 10:10:01 [INFO] NotificationAPI: Marketing email delivered successfully - NOT_025
2024-07-25 10:10:05 [INFO] NotificationAPI: SMS delivery status updated successfully - NOT_026
2024-07-25 10:10:10 [ERROR] NotificationAPI: Notification service unavailable - NOT_027
2024-07-25 10:10:15 [INFO] NotificationAPI: Webhook notification sent successfully - NOT_028
2024-07-25 10:10:20 [WARN] NotificationAPI: Message queue approaching capacity - NOT_029
2024-07-25 10:10:25 [INFO] NotificationAPI: Email attachment processed successfully - NOT_030
2024-07-25 10:10:30 [ERROR] NotificationAPI: Push notification token expired - NOT_031
2024-07-25 10:10:35 [INFO] NotificationAPI: Notification delivery report generated - NOT_032
2024-07-25 10:10:40 [INFO] NotificationAPI: Custom notification channel created - NOT_033
2024-07-25 10:10:45 [ERROR] NotificationAPI: Email template compilation failed - NOT_034
2024-07-25 10:10:50 [INFO] NotificationAPI: SMS international delivery successful - NOT_035
2024-07-25 10:10:55 [WARN] NotificationAPI: High notification failure rate - NOT_036
2024-07-25 11:10:01 [INFO] NotificationAPI: Real-time notification processed successfully - NOT_037
2024-07-25 11:10:05 [INFO] NotificationAPI: Notification preference sync completed - NOT_038
2024-07-25 11:10:10 [ERROR] NotificationAPI: Third-party integration failed - NOT_039
2024-07-25 11:10:15 [INFO] NotificationAPI: Emergency alert broadcast successful - NOT_040
2024-07-25 11:10:20 [WARN] NotificationAPI: Notification delivery delay detected - NOT_041
2024-07-25 11:10:25 [INFO] NotificationAPI: Notification metrics collected successfully - NOT_042
2024-07-25 11:10:30 [ERROR] NotificationAPI: Database connection lost - notifications queued - NOT_043
2024-07-25 11:10:35 [INFO] NotificationAPI: Notification retry logic executed successfully - NOT_044
2024-07-25 11:10:40 [INFO] NotificationAPI: Multi-channel notification completed - NOT_045
2024-07-25 11:10:45 [ERROR] NotificationAPI: Message size limit exceeded - NOT_046
2024-07-25 11:10:50 [INFO] NotificationAPI: Notification archive process completed - NOT_047
2024-07-25 11:10:55 [WARN] NotificationAPI: System resource usage high - NOT_048
