2024-07-25 08:05:01 [INFO] PaymentAPI: Payment transaction completed successfully - PAY_001
2024-07-25 08:05:05 [INFO] PaymentAPI: Credit card validation successful - PAY_002
2024-07-25 08:05:10 [ERROR] PaymentAPI: Payment processing failed - insufficient funds - PAY_003
2024-07-25 08:05:15 [INFO] PaymentAPI: Refund processed successfully - PAY_004
2024-07-25 08:05:20 [ERROR] PaymentAPI: Credit card declined - PAY_005
2024-07-25 08:05:25 [INFO] PaymentAPI: Subscription payment completed - PAY_006
2024-07-25 08:05:30 [WARN] PaymentAPI: Slow payment gateway response - PAY_007
2024-07-25 08:05:35 [INFO] PaymentAPI: Digital wallet transaction successful - PAY_008
2024-07-25 08:05:40 [ERROR] PaymentAPI: Payment gateway timeout - PAY_009
2024-07-25 08:05:45 [INFO] PaymentAPI: Bank transfer initiated successfully - PAY_010
2024-07-25 08:05:50 [INFO] PaymentAPI: Currency conversion completed - PAY_011
2024-07-25 08:05:55 [ERROR] PaymentAPI: Fraud detection triggered - transaction blocked - PAY_012
2024-07-25 09:05:01 [INFO] PaymentAPI: Recurring payment processed successfully - PAY_013
2024-07-25 09:05:05 [WARN] PaymentAPI: High transaction volume detected - PAY_014
2024-07-25 09:05:10 [INFO] PaymentAPI: Payment method updated successfully - PAY_015
2024-07-25 09:05:15 [ERROR] PaymentAPI: Invalid payment token - PAY_016
2024-07-25 09:05:20 [INFO] PaymentAPI: Chargeback resolved successfully - PAY_017
2024-07-25 09:05:25 [INFO] PaymentAPI: Pre-authorization completed - PAY_018
2024-07-25 09:05:30 [ERROR] PaymentAPI: Payment processor service down - PAY_019
2024-07-25 09:05:35 [INFO] PaymentAPI: Settlement batch processed successfully - PAY_020
2024-07-25 09:05:40 [WARN] PaymentAPI: Multiple retry attempts detected - PAY_021
2024-07-25 09:05:45 [INFO] PaymentAPI: Mobile payment completed successfully - PAY_022
2024-07-25 09:05:50 [ERROR] PaymentAPI: Security validation failed - PAY_023
2024-07-25 09:05:55 [INFO] PaymentAPI: Payment receipt generated successfully - PAY_024
2024-07-25 10:05:01 [INFO] PaymentAPI: Installment payment processed - PAY_025
2024-07-25 10:05:05 [ERROR] PaymentAPI: Merchant account suspended - PAY_026
2024-07-25 10:05:10 [INFO] PaymentAPI: Payment dispute resolved successfully - PAY_027
2024-07-25 10:05:15 [INFO] PaymentAPI: Cryptocurrency payment completed - PAY_028
2024-07-25 10:05:20 [ERROR] PaymentAPI: Transaction limit exceeded - PAY_029
2024-07-25 10:05:25 [INFO] PaymentAPI: Payment schedule updated successfully - PAY_030
2024-07-25 10:05:30 [WARN] PaymentAPI: Unusual spending pattern detected - PAY_031
2024-07-25 10:05:35 [INFO] PaymentAPI: Gift card redemption successful - PAY_032
2024-07-25 10:05:40 [ERROR] PaymentAPI: Payment verification failed - PAY_033
2024-07-25 10:05:45 [INFO] PaymentAPI: Loyalty points transaction completed - PAY_034
2024-07-25 10:05:50 [INFO] PaymentAPI: Payment analytics updated successfully - PAY_035
2024-07-25 10:05:55 [ERROR] PaymentAPI: External bank connection failed - PAY_036
2024-07-25 11:05:01 [INFO] PaymentAPI: Bulk payment processing completed - PAY_037
2024-07-25 11:05:05 [WARN] PaymentAPI: Payment queue approaching capacity - PAY_038
2024-07-25 11:05:10 [INFO] PaymentAPI: International transfer successful - PAY_039
2024-07-25 11:05:15 [ERROR] PaymentAPI: Compliance check failed - PAY_040
2024-07-25 11:05:20 [INFO] PaymentAPI: Payment notification sent successfully - PAY_041
2024-07-25 11:05:25 [INFO] PaymentAPI: Virtual card transaction completed - PAY_042
2024-07-25 11:05:30 [ERROR] PaymentAPI: Database transaction rollback required - PAY_043
2024-07-25 11:05:35 [INFO] PaymentAPI: Payment routing optimized successfully - PAY_044
2024-07-25 11:05:40 [WARN] PaymentAPI: System performance degraded - PAY_045
2024-07-25 11:05:45 [INFO] PaymentAPI: Payment webhook delivered successfully - PAY_046
2024-07-25 11:05:50 [ERROR] PaymentAPI: API authentication failed - PAY_047
2024-07-25 11:05:55 [INFO] PaymentAPI: Payment report generated successfully - PAY_048
