2024-07-25 08:00:01 [INFO] UserAPI: Authentication successful - REQ_001
2024-07-25 08:00:05 [INFO] UserAPI: User profile retrieved successfully - REQ_002
2024-07-25 08:00:10 [ERROR] UserAPI: Authentication failed - invalid credentials - REQ_003
2024-07-25 08:00:15 [INFO] UserAPI: Password reset completed successfully - REQ_004
2024-07-25 08:00:20 [WARN] UserAPI: Slow response time detected - REQ_005
2024-07-25 08:00:25 [INFO] UserAPI: User registration processed successfully - REQ_006
2024-07-25 08:00:30 [ERROR] UserAPI: Database connection timeout - REQ_007
2024-07-25 08:00:35 [INFO] UserAPI: Session created successfully - REQ_008
2024-07-25 08:00:40 [INFO] UserAPI: User preferences updated successfully - REQ_009
2024-07-25 08:00:45 [ERROR] UserAPI: Token validation failed - REQ_010
2024-07-25 08:00:50 [INFO] UserAPI: Logout processed successfully - REQ_011
2024-07-25 08:00:55 [WARN] UserAPI: Rate limit approaching for user - REQ_012
2024-07-25 09:00:01 [INFO] UserAPI: Authentication successful - REQ_013
2024-07-25 09:00:05 [INFO] UserAPI: Profile image uploaded successfully - REQ_014
2024-07-25 09:00:10 [ERROR] UserAPI: Email verification failed - REQ_015
2024-07-25 09:00:15 [INFO] UserAPI: Two-factor authentication completed - REQ_016
2024-07-25 09:00:20 [INFO] UserAPI: Account settings updated successfully - REQ_017
2024-07-25 09:00:25 [ERROR] UserAPI: Session expired - authentication required - REQ_018
2024-07-25 09:00:30 [INFO] UserAPI: Password change successful - REQ_019
2024-07-25 09:00:35 [WARN] UserAPI: Multiple failed login attempts detected - REQ_020
2024-07-25 09:00:40 [INFO] UserAPI: Account locked successfully for security - REQ_021
2024-07-25 09:00:45 [INFO] UserAPI: Admin access granted successfully - REQ_022
2024-07-25 09:00:50 [ERROR] UserAPI: Permission denied - insufficient privileges - REQ_023
2024-07-25 09:00:55 [INFO] UserAPI: User data export completed successfully - REQ_024
2024-07-25 10:00:01 [INFO] UserAPI: Authentication successful - REQ_025
2024-07-25 10:00:05 [ERROR] UserAPI: Account not found - REQ_026
2024-07-25 10:00:10 [INFO] UserAPI: Social login processed successfully - REQ_027
2024-07-25 10:00:15 [INFO] UserAPI: Account verification completed - REQ_028
2024-07-25 10:00:20 [WARN] UserAPI: Unusual activity pattern detected - REQ_029
2024-07-25 10:00:25 [INFO] UserAPI: Privacy settings updated successfully - REQ_030
2024-07-25 10:00:30 [ERROR] UserAPI: Service unavailable - maintenance mode - REQ_031
2024-07-25 10:00:35 [INFO] UserAPI: Guest session created successfully - REQ_032
2024-07-25 10:00:40 [INFO] UserAPI: Newsletter subscription processed - REQ_033
2024-07-25 10:00:45 [ERROR] UserAPI: Email format validation failed - REQ_034
2024-07-25 10:00:50 [INFO] UserAPI: Account recovery initiated successfully - REQ_035
2024-07-25 10:00:55 [WARN] UserAPI: Security scan triggered - REQ_036
2024-07-25 11:00:01 [INFO] UserAPI: Authentication successful - REQ_037
2024-07-25 11:00:05 [INFO] UserAPI: Mobile app login completed - REQ_038
2024-07-25 11:00:10 [ERROR] UserAPI: API rate limit exceeded - REQ_039
2024-07-25 11:00:15 [INFO] UserAPI: Bulk user import successful - REQ_040
2024-07-25 11:00:20 [INFO] UserAPI: User synchronization completed - REQ_041
2024-07-25 11:00:25 [ERROR] UserAPI: Duplicate email registration attempt - REQ_042
2024-07-25 11:00:30 [INFO] UserAPI: Account merge processed successfully - REQ_043
2024-07-25 11:00:35 [WARN] UserAPI: High memory usage detected - REQ_044
2024-07-25 11:00:40 [INFO] UserAPI: User search query processed - REQ_045
2024-07-25 11:00:45 [INFO] UserAPI: Profile visibility updated successfully - REQ_046
2024-07-25 11:00:50 [ERROR] UserAPI: External service integration failed - REQ_047
2024-07-25 11:00:55 [INFO] UserAPI: Notification preferences saved - REQ_048
